    Checking livana-backend-v2 v0.1.0 (C:\Users\yamit\Downloads\Desktop\livanaFinalbackend\backend-services)
warning: unused import: `Extension`
 --> src\handlers\associate.rs:2:28
  |
2 |     extract::{Path, State, Extension},
  |                            ^^^^^^^^^
  |
  = note: `#[warn(unused_imports)]` on by default

warning: unused import: `crate::utils::auth_extractor::AuthenticationUser`
  --> src\routes.rs:72:9
   |
72 |     use crate::utils::auth_extractor::AuthenticationUser;
   |         ^^^^^^^^^^^^^^^^^^^^^^^^^^^^^^^^^^^^^^^^^^^^^^^^

warning: variants `BadRequest` and `ValidationError` are never constructed
  --> src\utils\api_error.rs:20:5
   |
19 | pub enum ApiError {
   |          -------- variants in this enum
20 |     BadRequest(String),
   |     ^^^^^^^^^^
21 |     ValidationError(HashMap<String, Vec<String>>),
   |     ^^^^^^^^^^^^^^^
   |
   = note: `ApiError` has a derived impl for the trait `Debug`, but this is intentionally ignored during dead code analysis
   = note: `#[warn(dead_code)]` on by default

warning: field `city` is never read
  --> src\dtos\associate.rs:11:9
   |
 5 | pub struct RegisterAssociateDto {
   |            -------------------- field in this struct
...
11 |     pub city: String,
   |         ^^^^
   |
   = note: `RegisterAssociateDto` has a derived impl for the trait `Debug`, but this is intentionally ignored during dead code analysis

warning: `livana-backend-v2` (bin "livana-backend-v2") generated 4 warnings (run `cargo fix --bin "livana-backend-v2"` to apply 2 suggestions)
    Finished `dev` profile [unoptimized + debuginfo] target(s) in 4.36s
